Thu Jul 28 2016 13:37:10 GMT-0400 (EDT): GET /about
Thu Jul 28 2016 13:37:11 GMT-0400 (EDT): GET /favicon.ico
Thu Jul 28 2016 13:42:16 GMT-0400 (EDT): GET /about
Thu Jul 28 2016 13:42:21 GMT-0400 (EDT): GET /
Thu Jul 28 2016 13:43:41 GMT-0400 (EDT): GET /help.html
Thu Jul 28 2016 13:43:46 GMT-0400 (EDT): GET /
Thu Jul 28 2016 13:46:17 GMT-0400 (EDT): GET /
Thu Jul 28 2016 13:46:42 GMT-0400 (EDT): GET /
Thu Jul 28 2016 13:46:45 GMT-0400 (EDT): GET /about
Mon Aug 01 2016 09:26:30 GMT-0400 (EDT): GET /
Mon Aug 01 2016 09:26:31 GMT-0400 (EDT): GET /favicon.ico
Sat Nov 17 2018 16:18:38 GMT+0700 (WIB): GET /
Sat Nov 17 2018 16:18:38 GMT+0700 (WIB): GET /favicon.ico
Sat Nov 17 2018 16:18:38 GMT+0700 (WIB): GET /favicon.ico
Sat Nov 17 2018 16:18:40 GMT+0700 (WIB): GET /
Sat Nov 17 2018 16:18:41 GMT+0700 (WIB): GET /about
Sat Nov 17 2018 16:50:58 GMT+0700 (WIB): GET /
Sat Nov 17 2018 16:50:58 GMT+0700 (WIB): GET /favicon.ico
Sat Nov 17 2018 16:51:01 GMT+0700 (WIB): GET /about
Sat Nov 17 2018 16:51:01 GMT+0700 (WIB): GET /favicon.ico
Sat Nov 17 2018 16:51:01 GMT+0700 (WIB): GET /
Sat Nov 17 2018 16:51:01 GMT+0700 (WIB): GET /favicon.ico
Sat Nov 17 2018 19:56:26 GMT+0700 (WIB): GET /
Sat Nov 17 2018 19:56:28 GMT+0700 (WIB): GET /
Sat Nov 17 2018 19:56:29 GMT+0700 (WIB): GET /about
Sat Nov 17 2018 19:56:30 GMT+0700 (WIB): GET /
Sat Nov 17 2018 19:56:31 GMT+0700 (WIB): GET /about
Sat Nov 17 2018 20:59:09 GMT+0700 (WIB): GET /
Sat Nov 17 2018 20:59:11 GMT+0700 (WIB): GET /
Sat Nov 17 2018 21:04:46 GMT+0700 (WIB): GET /
Sat Nov 17 2018 21:04:47 GMT+0700 (WIB): GET /
Sat Nov 17 2018 21:04:48 GMT+0700 (WIB): GET /about
Sat Nov 17 2018 22:49:04 GMT+0700 (WIB): GET /?
Sat Nov 17 2018 22:49:04 GMT+0700 (WIB): GET /socket.io/socket.io.js
Sat Nov 17 2018 22:49:04 GMT+0700 (WIB): GET /ios.css
Sat Nov 17 2018 22:49:05 GMT+0700 (WIB): GET /?
Sat Nov 17 2018 22:49:05 GMT+0700 (WIB): GET /socket.io/socket.io.js
Sat Nov 17 2018 22:49:05 GMT+0700 (WIB): GET /ios.css
Sat Nov 17 2018 22:49:06 GMT+0700 (WIB): GET /?
Sat Nov 17 2018 22:49:06 GMT+0700 (WIB): GET /socket.io/socket.io.js
Sat Nov 17 2018 22:49:06 GMT+0700 (WIB): GET /ios.css
